Godot Engine v4.3.stable.mono.official.77dcf97d8 - https://godotengine.org
Vulkan 1.3.289 - Forward+ - Using Device #0: NVIDIA - NVIDIA GeForce RTX 3060 Laptop GPU

Chapter terbuka:5
Level yang terbuka:5
Chapter1 terbuka (semua level dalam chapter ini terbuka).
Chapter terbuka:5
Level yang terbuka:5
Chapter2 terbuka (semua level dalam chapter ini terbuka).
Chapter terbuka:5
Level yang terbuka:5
Chapter3 terbuka (semua level dalam chapter ini terbuka).
Chapter terbuka:5
Level yang terbuka:5
Chapter4 terbuka (semua level dalam chapter ini terbuka).
Chapter terbuka:5
Level yang terbuka:5
Chapter5 terbuka (semua level dalam chapter ini terbuka).
Level 1 terbuka.
Level 2 terbuka.
Level 3 terbuka.
Level 4 terbuka.
Level 5 terbuka.
Chapter terbuka:5
Level yang terbuka:5
Level 1 terkunci (semua level dalam chapter ini terkunci).
Level 2 terkunci (semua level dalam chapter ini terkunci).
Level 3 terkunci (semua level dalam chapter ini terkunci).
Level 4 terkunci (semua level dalam chapter ini terkunci).
Level 5 terkunci (semua level dalam chapter ini terkunci).
Chapter terbuka:5
Level yang terbuka:5
Level 1 terkunci (semua level dalam chapter ini terkunci).
Level 2 terkunci (semua level dalam chapter ini terkunci).
Level 3 terkunci (semua level dalam chapter ini terkunci).
Level 4 terkunci (semua level dalam chapter ini terkunci).
Level 5 terkunci (semua level dalam chapter ini terkunci).
Chapter terbuka:5
Level yang terbuka:5
Level 1 terkunci (semua level dalam chapter ini terkunci).
Level 2 terkunci (semua level dalam chapter ini terkunci).
Level 3 terkunci (semua level dalam chapter ini terkunci).
Level 4 terkunci (semua level dalam chapter ini terkunci).
Level 5 terkunci (semua level dalam chapter ini terkunci).
Chapter terbuka:5
Level yang terbuka:5
Level 1 terkunci (semua level dalam chapter ini terkunci).
Level 2 terkunci (semua level dalam chapter ini terkunci).
Level 3 terkunci (semua level dalam chapter ini terkunci).
Level 4 terkunci (semua level dalam chapter ini terkunci).
Level 5 terkunci (semua level dalam chapter ini terkunci).
Chapter terbuka:5
Level yang terbuka:5
Level 1 terkunci (semua level dalam chapter ini terkunci).
Level 2 terkunci (semua level dalam chapter ini terkunci).
Level 3 terkunci (semua level dalam chapter ini terkunci).
Level 4 terkunci (semua level dalam chapter ini terkunci).
Level 5 terkunci (semua level dalam chapter ini terkunci).
Request completed with response code: 200
All dialogue data has been set.
Dialogue data has been stored.
Chapter terbuka:5
Level yang terbuka:5
Chapter1 terbuka (semua level dalam chapter ini terbuka).
Chapter terbuka:5
Level yang terbuka:5
Chapter2 terbuka (semua level dalam chapter ini terbuka).
Chapter terbuka:5
Level yang terbuka:5
Chapter3 terbuka (semua level dalam chapter ini terbuka).
Chapter terbuka:5
Level yang terbuka:5
Chapter4 terbuka (semua level dalam chapter ini terbuka).
Chapter terbuka:5
Level yang terbuka:5
Chapter5 terbuka (semua level dalam chapter ini terbuka).
Level 1 terbuka.
Level 2 terbuka.
Level 3 terbuka.
Level 4 terbuka.
Level 5 terbuka.
Chapter terbuka:5
Level yang terbuka:5
Level 1 terkunci (semua level dalam chapter ini terkunci).
Level 2 terkunci (semua level dalam chapter ini terkunci).
Level 3 terkunci (semua level dalam chapter ini terkunci).
Level 4 terkunci (semua level dalam chapter ini terkunci).
Level 5 terkunci (semua level dalam chapter ini terkunci).
Chapter terbuka:5
Level yang terbuka:5
Level 1 terkunci (semua level dalam chapter ini terkunci).
Level 2 terkunci (semua level dalam chapter ini terkunci).
Level 3 terkunci (semua level dalam chapter ini terkunci).
Level 4 terkunci (semua level dalam chapter ini terkunci).
Level 5 terkunci (semua level dalam chapter ini terkunci).
Chapter terbuka:5
Level yang terbuka:5
Level 1 terkunci (semua level dalam chapter ini terkunci).
Level 2 terkunci (semua level dalam chapter ini terkunci).
Level 3 terkunci (semua level dalam chapter ini terkunci).
Level 4 terkunci (semua level dalam chapter ini terkunci).
Level 5 terkunci (semua level dalam chapter ini terkunci).
Chapter terbuka:5
Level yang terbuka:5
Level 1 terkunci (semua level dalam chapter ini terkunci).
Level 2 terkunci (semua level dalam chapter ini terkunci).
Level 3 terkunci (semua level dalam chapter ini terkunci).
Level 4 terkunci (semua level dalam chapter ini terkunci).
Level 5 terkunci (semua level dalam chapter ini terkunci).
Chapter terbuka:5
Level yang terbuka:5
Level 1 terkunci (semua level dalam chapter ini terkunci).
Level 2 terkunci (semua level dalam chapter ini terkunci).
Level 3 terkunci (semua level dalam chapter ini terkunci).
Level 4 terkunci (semua level dalam chapter ini terkunci).
Level 5 terkunci (semua level dalam chapter ini terkunci).
Request completed with response code: 200
All dialogue data has been set.
Dialogue data has been stored.
Chapter 1_Level 2
AVX = 0 | AVX2 = 0 | AVX512 = 0 | FMA = 0 | NEON = 0 | ARM_FMA = 0 | METAL = 0 | F16C = 0 | FP16_VA = 0 | WASM_SIMD = 0 | BLAS = 1 | SSE3 = 0 | SSSE3 = 0 | VSX = 0 | CUDA = 0 | COREML = 0 | OPENVINO = 0 | 
whisper_init_from_buffer_with_params_no_state: loading model from buffer

whisper_model_load: loading model

whisper_model_load: n_vocab       = 51864

whisper_model_load: n_audio_ctx   = 1500

whisper_model_load: n_audio_state = 384

whisper_model_load: n_audio_head  = 6

whisper_model_load: n_audio_layer = 4

whisper_model_load: n_text_ctx    = 448

whisper_model_load: n_text_state  = 384

whisper_model_load: n_text_head   = 6

whisper_model_load: n_text_layer  = 4

whisper_model_load: n_mels        = 80

whisper_model_load: ftype         = 1

whisper_model_load: qntvr         = 0

whisper_model_load: type          = 1 (tiny)

whisper_model_load: adding 1607 extra tokens

whisper_model_load: n_langs       = 99

whisper_model_load:      CPU buffer size =    77.18 MB

whisper_model_load: model size    =   77.11 MB

whisper_init_state: kv self size  =    8.26 MB

whisper_init_state: kv cross size =    9.22 MB

whisper_init_state: compute buffer (conv)   =   12.17 MB

whisper_init_state: compute buffer (encode) =   64.92 MB

whisper_init_state: compute buffer (cross)  =    4.01 MB

whisper_init_state: compute buffer (decode) =   96.02 MB

label Chapter 1_Level 2
Villager: Hello everyone! It's been a while! How have you been?
- Oh, hello! I’m fine, thank you. I was sick for a while, but I’m feeling better now.
- Oh, hi! I've been fine, thanks. I was sick for a while, but I'm better now.
- Hello! I'm fine, thank you. I wasn't feeling well for a while, but I'm much better now.
Villager: Ahh good to hear. By the way, the janitor is coming today at 4 o'clock, right?
- You’re right.
- Yes.
- Yes, that is correct.
Villager: Oke. See you tomorrow!
- Okay. Bye! See you.
- Okay! Looking forward to seeing you tomorrow!
- Bye bye! Have a nice day.
USER WARNING: Nodes with non-equal opposite anchors will have their size overridden after _ready(). 
If you want to set size, change the anchors or consider using set_deferred().
   at: _set_size (scene/gui/control.cpp:1448)
Label
Text
USER WARNING: Nodes with non-equal opposite anchors will have their size overridden after _ready(). 
If you want to set size, change the anchors or consider using set_deferred().
   at: _set_size (scene/gui/control.cpp:1448)
Choice
USER WARNING: A Thread object is being destroyed without its completion having been realized.
Please call wait_to_finish() on it to ensure correct cleanup.
   at: ~Thread (core/os/thread.cpp:105)
Chapter terbuka:5
Level yang terbuka:5
Chapter1 terbuka (semua level dalam chapter ini terbuka).
Chapter terbuka:5
Level yang terbuka:5
Chapter2 terbuka (semua level dalam chapter ini terbuka).
Chapter terbuka:5
Level yang terbuka:5
Chapter3 terbuka (semua level dalam chapter ini terbuka).
Chapter terbuka:5
Level yang terbuka:5
Chapter4 terbuka (semua level dalam chapter ini terbuka).
Chapter terbuka:5
Level yang terbuka:5
Chapter5 terbuka (semua level dalam chapter ini terbuka).
Level 1 terbuka.
Level 2 terbuka.
Level 3 terbuka.
Level 4 terbuka.
Level 5 terbuka.
Chapter terbuka:5
Level yang terbuka:5
Level 1 terkunci (semua level dalam chapter ini terkunci).
Level 2 terkunci (semua level dalam chapter ini terkunci).
Level 3 terkunci (semua level dalam chapter ini terkunci).
Level 4 terkunci (semua level dalam chapter ini terkunci).
Level 5 terkunci (semua level dalam chapter ini terkunci).
Chapter terbuka:5
Level yang terbuka:5
Level 1 terkunci (semua level dalam chapter ini terkunci).
Level 2 terkunci (semua level dalam chapter ini terkunci).
Level 3 terkunci (semua level dalam chapter ini terkunci).
Level 4 terkunci (semua level dalam chapter ini terkunci).
Level 5 terkunci (semua level dalam chapter ini terkunci).
Chapter terbuka:5
Level yang terbuka:5
Level 1 terkunci (semua level dalam chapter ini terkunci).
Level 2 terkunci (semua level dalam chapter ini terkunci).
Level 3 terkunci (semua level dalam chapter ini terkunci).
Level 4 terkunci (semua level dalam chapter ini terkunci).
Level 5 terkunci (semua level dalam chapter ini terkunci).
Chapter terbuka:5
Level yang terbuka:5
Level 1 terkunci (semua level dalam chapter ini terkunci).
Level 2 terkunci (semua level dalam chapter ini terkunci).
Level 3 terkunci (semua level dalam chapter ini terkunci).
Level 4 terkunci (semua level dalam chapter ini terkunci).
Level 5 terkunci (semua level dalam chapter ini terkunci).
Chapter terbuka:5
Level yang terbuka:5
Level 1 terkunci (semua level dalam chapter ini terkunci).
Level 2 terkunci (semua level dalam chapter ini terkunci).
Level 3 terkunci (semua level dalam chapter ini terkunci).
Level 4 terkunci (semua level dalam chapter ini terkunci).
Level 5 terkunci (semua level dalam chapter ini terkunci).
Request completed with response code: 200
All dialogue data has been set.
Dialogue data has been stored.
ERROR: 1 RID allocations of type 'N17RendererSceneCull6CameraE' were leaked at exit.
