Godot Engine v4.3.stable.mono.official.77dcf97d8 - https://godotengine.org
Vulkan 1.3.289 - Forward+ - Using Device #0: NVIDIA - NVIDIA GeForce RTX 3060 Laptop GPU

Chapter terbuka:1
Level yang terbuka:1
Chapter1 terbuka (semua level dalam chapter ini terbuka).
Level 1 terbuka.
Level 2 terkunci.
Level 3 terkunci.
Level 4 terkunci.
Level 5 terkunci.
Chapter terbuka:1
Level yang terbuka:1
Level 1 terkunci (semua level dalam chapter ini terkunci).
Level 2 terkunci (semua level dalam chapter ini terkunci).
Level 3 terkunci (semua level dalam chapter ini terkunci).
Level 4 terkunci (semua level dalam chapter ini terkunci).
Level 5 terkunci (semua level dalam chapter ini terkunci).
Chapter terbuka:1
Level yang terbuka:1
Level 1 terkunci (semua level dalam chapter ini terkunci).
Level 2 terkunci (semua level dalam chapter ini terkunci).
Level 3 terkunci (semua level dalam chapter ini terkunci).
Level 4 terkunci (semua level dalam chapter ini terkunci).
Level 5 terkunci (semua level dalam chapter ini terkunci).
Chapter terbuka:1
Level yang terbuka:1
Level 1 terkunci (semua level dalam chapter ini terkunci).
Level 2 terkunci (semua level dalam chapter ini terkunci).
Level 3 terkunci (semua level dalam chapter ini terkunci).
Level 4 terkunci (semua level dalam chapter ini terkunci).
Level 5 terkunci (semua level dalam chapter ini terkunci).
Chapter terbuka:1
Level yang terbuka:1
Level 1 terkunci (semua level dalam chapter ini terkunci).
Level 2 terkunci (semua level dalam chapter ini terkunci).
Level 3 terkunci (semua level dalam chapter ini terkunci).
Level 4 terkunci (semua level dalam chapter ini terkunci).
Level 5 terkunci (semua level dalam chapter ini terkunci).
Chapter terbuka:1
Level yang terbuka:1
Level 1 terkunci (semua level dalam chapter ini terkunci).
Level 2 terkunci (semua level dalam chapter ini terkunci).
Level 3 terkunci (semua level dalam chapter ini terkunci).
Level 4 terkunci (semua level dalam chapter ini terkunci).
Level 5 terkunci (semua level dalam chapter ini terkunci).
Chapter terbuka:1
Level yang terbuka:1
Level 1 terkunci (semua level dalam chapter ini terkunci).
Level 2 terkunci (semua level dalam chapter ini terkunci).
Level 3 terkunci (semua level dalam chapter ini terkunci).
Level 4 terkunci (semua level dalam chapter ini terkunci).
Level 5 terkunci (semua level dalam chapter ini terkunci).
Chapter terbuka:1
Level yang terbuka:1
Level 1 terkunci (semua level dalam chapter ini terkunci).
Level 2 terkunci (semua level dalam chapter ini terkunci).
Level 3 terkunci (semua level dalam chapter ini terkunci).
Level 4 terkunci (semua level dalam chapter ini terkunci).
Level 5 terkunci (semua level dalam chapter ini terkunci).
Chapter terbuka:1
Level yang terbuka:1
Level 1 terkunci (semua level dalam chapter ini terkunci).
Level 2 terkunci (semua level dalam chapter ini terkunci).
Level 3 terkunci (semua level dalam chapter ini terkunci).
Level 4 terkunci (semua level dalam chapter ini terkunci).
Level 5 terkunci (semua level dalam chapter ini terkunci).
Chapter terbuka:1
Level yang terbuka:1
Level 1 terkunci (semua level dalam chapter ini terkunci).
Level 2 terkunci (semua level dalam chapter ini terkunci).
Level 3 terkunci (semua level dalam chapter ini terkunci).
Level 4 terkunci (semua level dalam chapter ini terkunci).
Level 5 terkunci (semua level dalam chapter ini terkunci).
AVX = 0 | AVX2 = 0 | AVX512 = 0 | FMA = 0 | NEON = 0 | ARM_FMA = 0 | METAL = 0 | F16C = 0 | FP16_VA = 0 | WASM_SIMD = 0 | BLAS = 1 | SSE3 = 0 | SSSE3 = 0 | VSX = 0 | CUDA = 0 | COREML = 0 | OPENVINO = 0 | 
whisper_init_from_buffer_with_params_no_state: loading model from buffer

whisper_model_load: loading model

whisper_model_load: n_vocab       = 51864

whisper_model_load: n_audio_ctx   = 1500

whisper_model_load: n_audio_state = 384

whisper_model_load: n_audio_head  = 6

whisper_model_load: n_audio_layer = 4

whisper_model_load: n_text_ctx    = 448

whisper_model_load: n_text_state  = 384

whisper_model_load: n_text_head   = 6

whisper_model_load: n_text_layer  = 4

whisper_model_load: n_mels        = 80

whisper_model_load: ftype         = 1

whisper_model_load: qntvr         = 0

whisper_model_load: type          = 1 (tiny)

whisper_model_load: adding 1607 extra tokens

whisper_model_load: n_langs       = 99

whisper_model_load:      CPU buffer size =    77.18 MB

whisper_model_load: model size    =   77.11 MB

whisper_init_state: kv self size  =    8.26 MB

whisper_init_state: kv cross size =    9.22 MB

whisper_init_state: compute buffer (conv)   =   12.17 MB

whisper_init_state: compute buffer (encode) =   64.92 MB

whisper_init_state: compute buffer (cross)  =    4.01 MB

whisper_init_state: compute buffer (decode) =   96.02 MB

AVX = 0 | AVX2 = 0 | AVX512 = 0 | FMA = 0 | NEON = 0 | ARM_FMA = 0 | METAL = 0 | F16C = 0 | FP16_VA = 0 | WASM_SIMD = 0 | BLAS = 1 | SSE3 = 0 | SSSE3 = 0 | VSX = 0 | CUDA = 0 | COREML = 0 | OPENVINO = 0 | 
whisper_init_from_buffer_with_params_no_state: loading model from buffer

whisper_model_load: loading model

whisper_model_load: n_vocab       = 51864

whisper_model_load: n_audio_ctx   = 1500

whisper_model_load: n_audio_state = 384

whisper_model_load: n_audio_head  = 6

whisper_model_load: n_audio_layer = 4

whisper_model_load: n_text_ctx    = 448

whisper_model_load: n_text_state  = 384

whisper_model_load: n_text_head   = 6

whisper_model_load: n_text_layer  = 4

whisper_model_load: n_mels        = 80

whisper_model_load: ftype         = 1

whisper_model_load: qntvr         = 0

whisper_model_load: type          = 1 (tiny)

whisper_model_load: adding 1607 extra tokens

whisper_model_load: n_langs       = 99

whisper_model_load:      CPU buffer size =    77.18 MB

whisper_model_load: model size    =   77.11 MB

whisper_init_state: kv self size  =    8.26 MB

whisper_init_state: kv cross size =    9.22 MB

whisper_init_state: compute buffer (conv)   =   12.17 MB

whisper_init_state: compute buffer (encode) =   64.92 MB

whisper_init_state: compute buffer (cross)  =    4.01 MB

whisper_init_state: compute buffer (decode) =   96.02 MB

USER ERROR: Parameter "data.tree" is null.
   at: get_tree (scene/main/node.h:446)
USER ERROR: LimboConsole: Command already registered: lisen_compare
   at: push_error (core/variant/variant_utility.cpp:1092)
USER ERROR: LimboConsole: Command already registered: lisen_set_difficulty_level
   at: push_error (core/variant/variant_utility.cpp:1092)
USER ERROR: Signal 'ready' is already connected to given callable 'Node(DialogicGameHandler.gd)::clear' in that object.
   at: connect (core/object/object.cpp:1402)
USER ERROR: Signal 'ready' is already connected to given callable 'Node(DialogicGameHandler.gd)::start_timeline' in that object.
   at: connect (core/object/object.cpp:1402)
USER WARNING: Nodes with non-equal opposite anchors will have their size overridden after _ready(). 
If you want to set size, change the anchors or consider using set_deferred().
   at: _set_size (scene/gui/control.cpp:1448)
Label
Label
Text
Text
USER WARNING: Nodes with non-equal opposite anchors will have their size overridden after _ready(). 
If you want to set size, change the anchors or consider using set_deferred().
   at: _set_size (scene/gui/control.cpp:1448)
Choice
Choice
isi_command : [2, 1, false, "Good morning! How are you feeling today?", true, false]
Isi dialog tombol dipilih : Good morning! How are you feeling today?
USER WARNING: A Thread object is being destroyed without its completion having been realized.
Please call wait_to_finish() on it to ensure correct cleanup.
   at: ~Thread (core/os/thread.cpp:105)
isi_command : [2, 1, false, "Good morning! How are you feeling today?", true, false]
Isi dialog tombol dipilih : Good morning! How are you feeling today?

================================================================
CrashHandlerException: Program crashed with signal 11
Engine version: Godot Engine v4.3.stable.mono.official (77dcf97d82cbfe4e4615475fa52ca03da645dbd8)
Dumping the backtrace. Please include this when reporting the bug to the project developer.
[1] error(-1): no debug info in PE/COFF executable
[2] error(-1): no debug info in PE/COFF executable
[3] error(-1): no debug info in PE/COFF executable
[4] error(-1): no debug info in PE/COFF executable
[5] error(-1): no debug info in PE/COFF executable
[6] error(-1): no debug info in PE/COFF executable
[7] error(-1): no debug info in PE/COFF executable
[8] error(-1): no debug info in PE/COFF executable
[9] error(-1): no debug info in PE/COFF executable
[10] error(-1): no debug info in PE/COFF executable
[11] error(-1): no debug info in PE/COFF executable
[12] error(-1): no debug info in PE/COFF executable
[13] error(-1): no debug info in PE/COFF executable
[14] error(-1): no debug info in PE/COFF executable
[15] error(-1): no debug info in PE/COFF executable
[16] error(-1): no debug info in PE/COFF executable
[17] error(-1): no debug info in PE/COFF executable
[18] error(-1): no debug info in PE/COFF executable
[19] error(-1): no debug info in PE/COFF executable
[20] error(-1): no debug info in PE/COFF executable
[21] error(-1): no debug info in PE/COFF executable
[22] error(-1): no debug info in PE/COFF executable
[23] error(-1): no debug info in PE/COFF executable
[24] error(-1): no debug info in PE/COFF executable
[25] error(-1): no debug info in PE/COFF executable
[26] error(-1): no debug info in PE/COFF executable
[27] error(-1): no debug info in PE/COFF executable
[28] error(-1): no debug info in PE/COFF executable
[29] error(-1): no debug info in PE/COFF executable
[30] error(-1): no debug info in PE/COFF executable
[31] error(-1): no debug info in PE/COFF executable
[32] error(-1): no debug info in PE/COFF executable
[33] error(-1): no debug info in PE/COFF executable
[34] error(-1): no debug info in PE/COFF executable
[35] error(-1): no debug info in PE/COFF executable
[36] error(-1): no debug info in PE/COFF executable
[37] error(-1): no debug info in PE/COFF executable
[38] error(-1): no debug info in PE/COFF executable
[39] error(-1): no debug info in PE/COFF executable
[40] error(-1): no debug info in PE/COFF executable
[41] error(-1): no debug info in PE/COFF executable
[42] error(-1): no debug info in PE/COFF executable
[43] error(-1): no debug info in PE/COFF executable
[44] error(-1): no debug info in PE/COFF executable
-- END OF BACKTRACE --
================================================================
