Godot Engine v4.3.stable.mono.official.77dcf97d8 - https://godotengine.org
Vulkan 1.3.289 - Forward+ - Using Device #0: NVIDIA - NVIDIA GeForce RTX 3060 Laptop GPU

Chapter terbuka:5
Level yang terbuka:5
Chapter1 terbuka (semua level dalam chapter ini terbuka).
Chapter terbuka:5
Level yang terbuka:5
Chapter2 terbuka (semua level dalam chapter ini terbuka).
Chapter terbuka:5
Level yang terbuka:5
Chapter3 terbuka (semua level dalam chapter ini terbuka).
Chapter terbuka:5
Level yang terbuka:5
Chapter4 terbuka (semua level dalam chapter ini terbuka).
Chapter terbuka:5
Level yang terbuka:5
Chapter5 terbuka (semua level dalam chapter ini terbuka).
Level 1 terbuka.
Level 2 terbuka.
Level 3 terbuka.
Level 4 terbuka.
Level 5 terbuka.
Chapter terbuka:5
Level yang terbuka:5
Level 1 terkunci (semua level dalam chapter ini terkunci).
Level 2 terkunci (semua level dalam chapter ini terkunci).
Level 3 terkunci (semua level dalam chapter ini terkunci).
Level 4 terkunci (semua level dalam chapter ini terkunci).
Level 5 terkunci (semua level dalam chapter ini terkunci).
Chapter terbuka:5
Level yang terbuka:5
Level 1 terkunci (semua level dalam chapter ini terkunci).
Level 2 terkunci (semua level dalam chapter ini terkunci).
Level 3 terkunci (semua level dalam chapter ini terkunci).
Level 4 terkunci (semua level dalam chapter ini terkunci).
Level 5 terkunci (semua level dalam chapter ini terkunci).
Chapter terbuka:5
Level yang terbuka:5
Level 1 terkunci (semua level dalam chapter ini terkunci).
Level 2 terkunci (semua level dalam chapter ini terkunci).
Level 3 terkunci (semua level dalam chapter ini terkunci).
Level 4 terkunci (semua level dalam chapter ini terkunci).
Level 5 terkunci (semua level dalam chapter ini terkunci).
Chapter terbuka:5
Level yang terbuka:5
Level 1 terkunci (semua level dalam chapter ini terkunci).
Level 2 terkunci (semua level dalam chapter ini terkunci).
Level 3 terkunci (semua level dalam chapter ini terkunci).
Level 4 terkunci (semua level dalam chapter ini terkunci).
Level 5 terkunci (semua level dalam chapter ini terkunci).
Chapter terbuka:5
Level yang terbuka:5
Level 1 terkunci (semua level dalam chapter ini terkunci).
Level 2 terkunci (semua level dalam chapter ini terkunci).
Level 3 terkunci (semua level dalam chapter ini terkunci).
Level 4 terkunci (semua level dalam chapter ini terkunci).
Level 5 terkunci (semua level dalam chapter ini terkunci).
Request completed with response code: 200
All dialogue data has been set.
Dialogue data has been stored.
Chapter 1_Level 4
AVX = 0 | AVX2 = 0 | AVX512 = 0 | FMA = 0 | NEON = 0 | ARM_FMA = 0 | METAL = 0 | F16C = 0 | FP16_VA = 0 | WASM_SIMD = 0 | BLAS = 1 | SSE3 = 0 | SSSE3 = 0 | VSX = 0 | CUDA = 0 | COREML = 0 | OPENVINO = 0 | 
whisper_init_from_buffer_with_params_no_state: loading model from buffer

whisper_model_load: loading model

whisper_model_load: n_vocab       = 51864

whisper_model_load: n_audio_ctx   = 1500

whisper_model_load: n_audio_state = 384

whisper_model_load: n_audio_head  = 6

whisper_model_load: n_audio_layer = 4

whisper_model_load: n_text_ctx    = 448

whisper_model_load: n_text_state  = 384

whisper_model_load: n_text_head   = 6

whisper_model_load: n_text_layer  = 4

whisper_model_load: n_mels        = 80

whisper_model_load: ftype         = 1

whisper_model_load: qntvr         = 0

whisper_model_load: type          = 1 (tiny)

whisper_model_load: adding 1607 extra tokens

whisper_model_load: n_langs       = 99

whisper_model_load:      CPU buffer size =    77.18 MB

whisper_model_load: model size    =   77.11 MB

whisper_init_state: kv self size  =    8.26 MB

whisper_init_state: kv cross size =    9.22 MB

whisper_init_state: compute buffer (conv)   =   12.17 MB

whisper_init_state: compute buffer (encode) =   64.92 MB

whisper_init_state: compute buffer (cross)  =    4.01 MB

whisper_init_state: compute buffer (decode) =   96.02 MB

label Chapter 1_Level 4
Villager: Hey there! Are you excited for the game today?
- Absolutely! I look forward to seeing our team play!
- Absolutely! I can't wait to see our team play!
- For sure! I'm excited to see our team in action!
Villager: Me too! Let’s find our seats before it gets crowded.
- Good idea! I hope our team wins! It would be fun to celebrate.
- Good idea! I hope our team wins! Celebrating would be a blast!
- Good idea! I hope our team wins too!
Villager: Yeah, I really think they have a good chance.
- They have a strong team this year!
- This year, they have built a strong team!
- They've put together a solid team this year!
USER WARNING: Nodes with non-equal opposite anchors will have their size overridden after _ready(). 
If you want to set size, change the anchors or consider using set_deferred().
   at: _set_size (scene/gui/control.cpp:1448)
Label
Text
USER WARNING: Nodes with non-equal opposite anchors will have their size overridden after _ready(). 
If you want to set size, change the anchors or consider using set_deferred().
   at: _set_size (scene/gui/control.cpp:1448)
Choice
