Godot Engine v4.3.stable.mono.official.77dcf97d8 - https://godotengine.org
Vulkan 1.3.289 - Forward+ - Using Device #0: NVIDIA - NVIDIA GeForce RTX 3060 Laptop GPU

[216, 221, 196, 145, 69, 219, 157, 57, 135, 255, 32, 186, 21, 100, 47, 38]
USER ERROR: AES key must be either 16 or 32 bytes
   at: start (core/crypto/aes_context.cpp:38)
USER ERROR: AESContext not started. Call 'start' before calling 'update'.
   at: update (core/crypto/aes_context.cpp:56)
JSON String:
43
Failed to parse JSON at line0:
Request sent successfully.
trying to fetch
{ "id": 6, "name": "Jayce Nikolaus", "sprite": 2, "teacher_id": 5, "level": 4, "total_points": 525 }
Filtered data:{ "id": 6, "name": "Jayce Nikolaus", "sprite": 2, "teacher_id": 5, "level": 4, "total_points": 525 }
USER ERROR: AES key must be either 16 or 32 bytes
   at: start (core/crypto/aes_context.cpp:38)
USER ERROR: AESContext not started. Call 'start' before calling 'update'.
   at: update (core/crypto/aes_context.cpp:56)
{ "encrypted_data": [], "iv": [140, 229, 56, 17, 25, 128, 242, 231, 89, 242, 123, 179, 251, 54, 213, 27] }
[140, 229, 56, 17, 25, 128, 242, 231, 89, 242, 123, 179, 251, 54, 213, 27]
Data saved successfully!
[140, 229, 56, 17, 25, 128, 242, 231, 89, 242, 123, 179, 251, 54, 213, 27]
USER ERROR: AES key must be either 16 or 32 bytes
   at: start (core/crypto/aes_context.cpp:38)
USER ERROR: AESContext not started. Call 'start' before calling 'update'.
   at: update (core/crypto/aes_context.cpp:56)
JSON String:
43
Failed to parse JSON at line0:
ERROR: 1 RID allocations of type 'N17RendererSceneCull6CameraE' were leaked at exit.
