Godot Engine v4.3.stable.mono.official.77dcf97d8 - https://godotengine.org
Vulkan 1.3.289 - Forward+ - Using Device #0: NVIDIA - NVIDIA GeForce RTX 3060 Laptop GPU

USER ERROR: Cannot open file 'res://VisualNovelTextbox/Button_Plus_Purple.tres'.
   at: load (scene/resources/resource_format_text.cpp:1367)
USER ERROR: Failed loading resource: res://VisualNovelTextbox/Button_Plus_Purple.tres. Make sure resources have been imported by opening the project in the editor at least once.
   at: _load (core/io/resource_loader.cpp:283)
USER ERROR: Cannot open file 'res://VisualNovelTextbox/Button_Profile_Purple.tres'.
   at: load (scene/resources/resource_format_text.cpp:1367)
USER ERROR: Failed loading resource: res://VisualNovelTextbox/Button_Profile_Purple.tres. Make sure resources have been imported by opening the project in the editor at least once.
   at: _load (core/io/resource_loader.cpp:283)
USER ERROR: Cannot open file 'res://VisualNovelTextbox/Button_Mic_Purple.tres'.
   at: load (scene/resources/resource_format_text.cpp:1367)
USER ERROR: Failed loading resource: res://VisualNovelTextbox/Button_Mic_Purple.tres. Make sure resources have been imported by opening the project in the editor at least once.
   at: _load (core/io/resource_loader.cpp:283)
USER ERROR: Cannot open file 'res://VisualNovelTextbox/Button_Document_Purple.tres'.
   at: load (scene/resources/resource_format_text.cpp:1367)
USER ERROR: Failed loading resource: res://VisualNovelTextbox/Button_Document_Purple.tres. Make sure resources have been imported by opening the project in the editor at least once.
   at: _load (core/io/resource_loader.cpp:283)
USER ERROR: Cannot open file 'res://VisualNovelTextbox/Button_Play_Purple.tres'.
   at: load (scene/resources/resource_format_text.cpp:1367)
USER ERROR: Failed loading resource: res://VisualNovelTextbox/Button_Play_Purple.tres. Make sure resources have been imported by opening the project in the editor at least once.
   at: _load (core/io/resource_loader.cpp:283)
USER ERROR: res://UI Asset/Scene/UI_Dialogue.tscn:79 - Parse Error: [ext_resource] referenced non-existent resource at: res://VisualNovelTextbox/Button_Play_Purple.tres
   at: _parse_ext_resource (scene/resources/resource_format_text.cpp:159)
USER ERROR: res://UI Asset/Scene/UI_Dialogue.tscn:79 - Parse Error: [ext_resource] referenced non-existent resource at: res://VisualNovelTextbox/Button_Play_Purple.tres
   at: load (scene/resources/resource_format_text.cpp:600)
USER ERROR: Failed loading resource: res://UI Asset/Scene/UI_Dialogue.tscn. Make sure resources have been imported by opening the project in the editor at least once.
   at: _load (core/io/resource_loader.cpp:283)
USER ERROR: Failed loading scene: res://UI Asset/Scene/UI_Dialogue.tscn.
   at: start (main/main.cpp:3897)
USER WARNING: ObjectDB instances leaked at exit (run with --verbose for details).
   at: cleanup (core/object/object.cpp:2284)
