Godot Engine v4.3.stable.mono.official.77dcf97d8 - https://godotengine.org
Vulkan 1.3.289 - Forward+ - Using Device #0: NVIDIA - NVIDIA GeForce RTX 3060 Laptop GPU

USER ERROR: Resource file not found: res://UI Asset/Sprite/fajar_assets/Border_NO BG_.png (expected type: Texture2D)
   at: _load (core/io/resource_loader.cpp:288)
USER ERROR: Resource file not found: res://UI Asset/Sprite/fajar_assets/buttonvolume66.png (expected type: Texture2D)
   at: _load (core/io/resource_loader.cpp:288)
USER ERROR: Resource file not found: res://UI Asset/Sprite/fajar_assets/buttonvolume166.png (expected type: Texture2D)
   at: _load (core/io/resource_loader.cpp:288)
USER ERROR: Resource file not found: res://UI Asset/Sprite/fajar_assets/buttonfile1.png (expected type: Texture2D)
   at: _load (core/io/resource_loader.cpp:288)
USER ERROR: Resource file not found: res://UI Asset/Sprite/fajar_assets/buttonoff2.png (expected type: Texture2D)
   at: _load (core/io/resource_loader.cpp:288)
USER ERROR: Resource file not found: res://UI Asset/Sprite/fajar_assets/buttonplay1.png (expected type: Texture2D)
   at: _load (core/io/resource_loader.cpp:288)
USER ERROR: Resource file not found: res://UI Asset/Sprite/fajar_assets/buttonplay3.png (expected type: Texture2D)
   at: _load (core/io/resource_loader.cpp:288)
USER ERROR: res://UI Asset/Scene/UI_Dialogue.tscn:229 - Parse Error: [ext_resource] referenced non-existent resource at: res://UI Asset/Sprite/fajar_assets/Border_NO BG_.png
   at: _parse_ext_resource (scene/resources/resource_format_text.cpp:159)
USER ERROR: res://UI Asset/Scene/UI_Dialogue.tscn:321 - Parse Error: [ext_resource] referenced non-existent resource at: res://UI Asset/Sprite/fajar_assets/buttonvolume66.png
   at: _parse_ext_resource (scene/resources/resource_format_text.cpp:159)
USER ERROR: res://UI Asset/Scene/UI_Dialogue.tscn:322 - Parse Error: [ext_resource] referenced non-existent resource at: res://UI Asset/Sprite/fajar_assets/buttonvolume166.png
   at: _parse_ext_resource (scene/resources/resource_format_text.cpp:159)
USER ERROR: res://UI Asset/Scene/UI_Dialogue.tscn:323 - Parse Error: [ext_resource] referenced non-existent resource at: res://UI Asset/Sprite/fajar_assets/buttonvolume166.png
   at: _parse_ext_resource (scene/resources/resource_format_text.cpp:159)
USER ERROR: res://UI Asset/Scene/UI_Dialogue.tscn:347 - Parse Error: [ext_resource] referenced non-existent resource at: res://UI Asset/Sprite/fajar_assets/buttonfile1.png
   at: _parse_ext_resource (scene/resources/resource_format_text.cpp:159)
USER ERROR: res://UI Asset/Scene/UI_Dialogue.tscn:348 - Parse Error: [ext_resource] referenced non-existent resource at: res://UI Asset/Sprite/fajar_assets/buttonoff2.png
   at: _parse_ext_resource (scene/resources/resource_format_text.cpp:159)
USER ERROR: res://UI Asset/Scene/UI_Dialogue.tscn:349 - Parse Error: [ext_resource] referenced non-existent resource at: res://UI Asset/Sprite/fajar_assets/buttonoff2.png
   at: _parse_ext_resource (scene/resources/resource_format_text.cpp:159)
USER ERROR: res://UI Asset/Scene/UI_Dialogue.tscn:373 - Parse Error: [ext_resource] referenced non-existent resource at: res://UI Asset/Sprite/fajar_assets/buttonplay1.png
   at: _parse_ext_resource (scene/resources/resource_format_text.cpp:159)
USER ERROR: res://UI Asset/Scene/UI_Dialogue.tscn:374 - Parse Error: [ext_resource] referenced non-existent resource at: res://UI Asset/Sprite/fajar_assets/buttonplay3.png
   at: _parse_ext_resource (scene/resources/resource_format_text.cpp:159)
USER ERROR: res://UI Asset/Scene/UI_Dialogue.tscn:375 - Parse Error: [ext_resource] referenced non-existent resource at: res://UI Asset/Sprite/fajar_assets/buttonplay3.png
   at: _parse_ext_resource (scene/resources/resource_format_text.cpp:159)
USER ERROR: res://UI Asset/Scene/UI_Dialogue.tscn:398 - Parse Error: [ext_resource] referenced non-existent resource at: res://UI Asset/Sprite/fajar_assets/Border_NO BG_.png
   at: _parse_ext_resource (scene/resources/resource_format_text.cpp:159)
USER ERROR: Node not found: "MarginContainer/VBoxContainer/AudioStreamPlayer" (relative to "/root/CanvasLayer/Dialog_Panel/HBoxContainer/AwnserPanel/VBoxContainer/PanelPrompt").
   at: get_node (scene/main/node.cpp:1792)
USER ERROR: Node not found: "MarginContainer/VBoxContainer/SpeechToText" (relative to "/root/CanvasLayer/Dialog_Panel/HBoxContainer/AwnserPanel/VBoxContainer/PanelPrompt").
   at: get_node (scene/main/node.cpp:1792)
USER ERROR: Node not found: "MarginContainer/VBoxContainer/RichTextLabel" (relative to "/root/CanvasLayer/Dialog_Panel/HBoxContainer/AwnserPanel/VBoxContainer/PanelPrompt").
   at: get_node (scene/main/node.cpp:1792)
ERROR: 1 RID allocations of type 'N17RendererSceneCull6CameraE' were leaked at exit.
