Godot Engine v4.3.stable.mono.official.77dcf97d8 - https://godotengine.org
Vulkan 1.3.289 - Forward+ - Using Device #0: NVIDIA - NVIDIA GeForce RTX 3060 Laptop GPU

Chapter terbuka:5
Level yang terbuka:5
Chapter1 terbuka (semua level dalam chapter ini terbuka).
Chapter terbuka:5
Level yang terbuka:5
Chapter2 terbuka (semua level dalam chapter ini terbuka).
Chapter terbuka:5
Level yang terbuka:5
Chapter3 terbuka (semua level dalam chapter ini terbuka).
Chapter terbuka:5
Level yang terbuka:5
Chapter4 terbuka (semua level dalam chapter ini terbuka).
Chapter terbuka:5
Level yang terbuka:5
Chapter5 terbuka (semua level dalam chapter ini terbuka).
Level 1 terbuka.
Level 2 terbuka.
Level 3 terbuka.
Level 4 terbuka.
Level 5 terbuka.
Chapter terbuka:5
Level yang terbuka:5
Level 1 terkunci (semua level dalam chapter ini terkunci).
Level 2 terkunci (semua level dalam chapter ini terkunci).
Level 3 terkunci (semua level dalam chapter ini terkunci).
Level 4 terkunci (semua level dalam chapter ini terkunci).
Level 5 terkunci (semua level dalam chapter ini terkunci).
Chapter terbuka:5
Level yang terbuka:5
Level 1 terkunci (semua level dalam chapter ini terkunci).
Level 2 terkunci (semua level dalam chapter ini terkunci).
Level 3 terkunci (semua level dalam chapter ini terkunci).
Level 4 terkunci (semua level dalam chapter ini terkunci).
Level 5 terkunci (semua level dalam chapter ini terkunci).
Chapter terbuka:5
Level yang terbuka:5
Level 1 terkunci (semua level dalam chapter ini terkunci).
Level 2 terkunci (semua level dalam chapter ini terkunci).
Level 3 terkunci (semua level dalam chapter ini terkunci).
Level 4 terkunci (semua level dalam chapter ini terkunci).
Level 5 terkunci (semua level dalam chapter ini terkunci).
Chapter terbuka:5
Level yang terbuka:5
Level 1 terkunci (semua level dalam chapter ini terkunci).
Level 2 terkunci (semua level dalam chapter ini terkunci).
Level 3 terkunci (semua level dalam chapter ini terkunci).
Level 4 terkunci (semua level dalam chapter ini terkunci).
Level 5 terkunci (semua level dalam chapter ini terkunci).
Chapter terbuka:5
Level yang terbuka:5
Level 1 terkunci (semua level dalam chapter ini terkunci).
Level 2 terkunci (semua level dalam chapter ini terkunci).
Level 3 terkunci (semua level dalam chapter ini terkunci).
Level 4 terkunci (semua level dalam chapter ini terkunci).
Level 5 terkunci (semua level dalam chapter ini terkunci).
Request completed with response code: 200
All dialogue data has been set.
Dialogue data has been stored.
Chapter 2_Level 5
AVX = 0 | AVX2 = 0 | AVX512 = 0 | FMA = 0 | NEON = 0 | ARM_FMA = 0 | METAL = 0 | F16C = 0 | FP16_VA = 0 | WASM_SIMD = 0 | BLAS = 1 | SSE3 = 0 | SSSE3 = 0 | VSX = 0 | CUDA = 0 | COREML = 0 | OPENVINO = 0 | 
whisper_init_from_buffer_with_params_no_state: loading model from buffer

whisper_model_load: loading model

whisper_model_load: n_vocab       = 51864

whisper_model_load: n_audio_ctx   = 1500

whisper_model_load: n_audio_state = 384

whisper_model_load: n_audio_head  = 6

whisper_model_load: n_audio_layer = 4

whisper_model_load: n_text_ctx    = 448

whisper_model_load: n_text_state  = 384

whisper_model_load: n_text_head   = 6

whisper_model_load: n_text_layer  = 4

whisper_model_load: n_mels        = 80

whisper_model_load: ftype         = 1

whisper_model_load: qntvr         = 0

whisper_model_load: type          = 1 (tiny)

whisper_model_load: adding 1607 extra tokens

whisper_model_load: n_langs       = 99

whisper_model_load:      CPU buffer size =    77.18 MB

whisper_model_load: model size    =   77.11 MB

whisper_init_state: kv self size  =    8.26 MB

whisper_init_state: kv cross size =    9.22 MB

whisper_init_state: compute buffer (conv)   =   12.17 MB

whisper_init_state: compute buffer (encode) =   64.92 MB

whisper_init_state: compute buffer (cross)  =    4.01 MB

whisper_init_state: compute buffer (decode) =   96.02 MB

label Chapter 2_Level 5
Villager: Excuse me, do you know where the butterfly garden is?
- Yes, it is just after the rose bushes. You'll see a sign pointing to it.
- Yes, it is just past the rose bushes.
- Yes, you'll find it just past the rose bushes where you'll see a sign pointing to it.
Villager: Great! How long does it usually take to walk through the garden?
- It takes about 30 minutes if you stop to take pictures, but it can take longer if you want to explore.
- About 30 minutes it takes if you stop to take pictures, but longer can be if you want to explore.
- It will take about 30 minutes if you want to stop and photograph, but it can take longer if you want to explore.
Villager: Thanks! Are there any special events happening in the park today?
- Yes, a free guided nature walk starts in about 15 minutes near the main entrance.
- Yes, in about 15 minutes near the main entrance there will be a free guided nature walk.
- Yes, there is a free guided nature walk near the main entrance that starts in about 15 minutes.
Villager: Thank you for the Information
- You're welcome! Glad I could help you.
USER WARNING: Nodes with non-equal opposite anchors will have their size overridden after _ready(). 
If you want to set size, change the anchors or consider using set_deferred().
   at: _set_size (scene/gui/control.cpp:1448)
Label
Text
USER WARNING: Nodes with non-equal opposite anchors will have their size overridden after _ready(). 
If you want to set size, change the anchors or consider using set_deferred().
   at: _set_size (scene/gui/control.cpp:1448)
Choice
USER WARNING: A Thread object is being destroyed without its completion having been realized.
Please call wait_to_finish() on it to ensure correct cleanup.
   at: ~Thread (core/os/thread.cpp:105)
ERROR: 1 RID allocations of type 'N17RendererSceneCull6CameraE' were leaked at exit.
