Godot Engine v4.3.stable.mono.official.77dcf97d8 - https://godotengine.org
Vulkan 1.3.289 - Forward+ - Using Device #0: NVIDIA - NVIDIA GeForce RTX 3060 Laptop GPU

Chapter terbuka:5
Level yang terbuka:3
Chapter1 terbuka (semua level dalam chapter ini terbuka).
Chapter terbuka:5
Level yang terbuka:3
Chapter2 terbuka (semua level dalam chapter ini terbuka).
Chapter terbuka:5
Level yang terbuka:3
Chapter3 terbuka (semua level dalam chapter ini terbuka).
Chapter terbuka:5
Level yang terbuka:3
Chapter4 terbuka (semua level dalam chapter ini terbuka).
Chapter terbuka:5
Level yang terbuka:3
Chapter5 terbuka (semua level dalam chapter ini terbuka).
Level 1 terbuka.
Level 2 terbuka.
Level 3 terbuka.
Level 4 terkunci.
Level 5 terkunci.
Chapter terbuka:5
Level yang terbuka:3
Chapter5 terbuka (semua level dalam chapter ini terbuka).
Level 1 terbuka.
Level 2 terbuka.
Level 3 terbuka.
Level 4 terkunci.
Level 5 terkunci.
Chapter terbuka:5
Level yang terbuka:3
Level 1 terkunci (semua level dalam chapter ini terkunci).
Level 2 terkunci (semua level dalam chapter ini terkunci).
Level 3 terkunci (semua level dalam chapter ini terkunci).
Level 4 terkunci (semua level dalam chapter ini terkunci).
Level 5 terkunci (semua level dalam chapter ini terkunci).
Chapter terbuka:5
Level yang terbuka:3
Level 1 terkunci (semua level dalam chapter ini terkunci).
Level 2 terkunci (semua level dalam chapter ini terkunci).
Level 3 terkunci (semua level dalam chapter ini terkunci).
Level 4 terkunci (semua level dalam chapter ini terkunci).
Level 5 terkunci (semua level dalam chapter ini terkunci).
Chapter terbuka:5
Level yang terbuka:3
Level 1 terkunci (semua level dalam chapter ini terkunci).
Level 2 terkunci (semua level dalam chapter ini terkunci).
Level 3 terkunci (semua level dalam chapter ini terkunci).
Level 4 terkunci (semua level dalam chapter ini terkunci).
Level 5 terkunci (semua level dalam chapter ini terkunci).
Chapter terbuka:5
Level yang terbuka:3
Level 1 terkunci (semua level dalam chapter ini terkunci).
Level 2 terkunci (semua level dalam chapter ini terkunci).
Level 3 terkunci (semua level dalam chapter ini terkunci).
Level 4 terkunci (semua level dalam chapter ini terkunci).
Level 5 terkunci (semua level dalam chapter ini terkunci).
Chapter terbuka:5
Level yang terbuka:3
Level 1 terkunci (semua level dalam chapter ini terkunci).
Level 2 terkunci (semua level dalam chapter ini terkunci).
Level 3 terkunci (semua level dalam chapter ini terkunci).
Level 4 terkunci (semua level dalam chapter ini terkunci).
Level 5 terkunci (semua level dalam chapter ini terkunci).
Request completed with response code: 200
All dialogue data has been set.
Dialogue data has been stored.
